[WARNING]: Could not match supplied host pattern, ignoring: unprovisioned

PLAY [Deploy initial device configuration] *************************************

TASK [Set variables that cannot be set with VARS] ******************************
ok: [dut]
ok: [x1]
ok: [x2]

TASK [Find device readiness script] ********************************************
ok: [dut]
ok: [x1]
ok: [x2]

TASK [Wait for device to become ready] *****************************************
skipping: [dut]
skipping: [x1]
skipping: [x2]

TASK [Deploy initial configuration] ********************************************
included: /home/pipi/net101/tools/netsim/ansible/tasks/deploy-module.yml for dut, x1, x2

TASK [Figure out whether to deploy the module initial on current device] *******
ok: [dut]
ok: [x1]
ok: [x2]

TASK [Find configuration template for initial] *********************************
ok: [dut]
ok: [x1]
ok: [x2]

TASK [Print deployed configuration when running in verbose mode] ***************
skipping: [dut]
skipping: [x1]
skipping: [x2]

TASK [Find configuration deployment deploy_script for initial] *****************
ok: [dut]
ok: [x1]
ok: [x2]

TASK [Deploy initial configuration] ********************************************
included: /home/pipi/net101/tools/netsim/ansible/tasks/deploy-config/srlinux.yml for dut
included: /home/pipi/net101/tools/netsim/ansible/tasks/deploy-config/frr.yml for x1, x2

TASK [Check that required plugin exists, use 'netlab install grpc' to install it] ***
ok: [dut]

TASK [tempfile] ****************************************************************
changed: [dut -> localhost]

TASK [template] ****************************************************************
changed: [dut -> localhost]

TASK [Generated gNMI config based on /home/pipi/net101/tools/netsim/ansible/templates/initial/srlinux.j2] ***
skipping: [dut]

TASK [Update SRL initial node configuration (gNMI SET template=/home/pipi/net101/tools/netsim/ansible/templates/initial/srlinux.j2,CA=/tmp/netlab_cicd/clab-ml_17/.tls/ca/ca.pem)] ***
changed: [dut]

TASK [debug] *******************************************************************
skipping: [dut]

TASK [file] ********************************************************************
changed: [dut -> localhost]

TASK [template] ****************************************************************
changed: [x2]
changed: [x1]

TASK [set_fact] ****************************************************************
ok: [x1]
ok: [x2]

TASK [run /tmp/config.sh to deploy initial config from /home/pipi/net101/tools/netsim/ansible/templates/initial/frr.j2] ***
changed: [x1]
changed: [x2]

TASK [run vtysh to import initial config from /home/pipi/net101/tools/netsim/ansible/templates/initial/frr.j2] ***
skipping: [x1]
skipping: [x2]

PLAY [Deploy module-specific configurations] ***********************************

TASK [Set variables that cannot be set with VARS] ******************************
ok: [dut]
ok: [x1]
ok: [x2]

TASK [Deploy individual configuration modules] *********************************
included: /home/pipi/net101/tools/netsim/ansible/tasks/deploy-module.yml for dut, x1, x2 => (item=bgp)

TASK [Figure out whether to deploy the module bgp on current device] ***********
ok: [dut]
ok: [x1]
ok: [x2]

TASK [Find configuration template for bgp] *************************************
ok: [dut]
ok: [x1]
ok: [x2]

TASK [Print deployed configuration when running in verbose mode] ***************
skipping: [dut]
skipping: [x1]
skipping: [x2]

TASK [Find configuration deployment deploy_script for bgp] *********************
ok: [dut]
ok: [x1]
ok: [x2]

TASK [Deploy bgp configuration] ************************************************
included: /home/pipi/net101/tools/netsim/ansible/tasks/deploy-config/srlinux.yml for dut
included: /home/pipi/net101/tools/netsim/ansible/tasks/deploy-config/frr.yml for x1, x2

TASK [Check that required plugin exists, use 'netlab install grpc' to install it] ***
skipping: [dut]

TASK [tempfile] ****************************************************************
changed: [dut -> localhost]

TASK [template] ****************************************************************
changed: [dut -> localhost]

TASK [Generated gNMI config based on /home/pipi/net101/tools/netsim/ansible/templates/bgp/srlinux.j2] ***
skipping: [dut]

TASK [Update SRL bgp node configuration (gNMI SET template=/home/pipi/net101/tools/netsim/ansible/templates/bgp/srlinux.j2,CA=/tmp/netlab_cicd/clab-ml_17/.tls/ca/ca.pem)] ***
FAILED - RETRYING: Update SRL bgp node configuration (gNMI SET template=/home/pipi/net101/tools/netsim/ansible/templates/bgp/srlinux.j2,CA=/tmp/netlab_cicd/clab-ml_17/.tls/ca/ca.pem) (2 retries left).
FAILED - RETRYING: Update SRL bgp node configuration (gNMI SET template=/home/pipi/net101/tools/netsim/ansible/templates/bgp/srlinux.j2,CA=/tmp/netlab_cicd/clab-ml_17/.tls/ca/ca.pem) (1 retries left).
An exception occurred during task execution. To see the full traceback, use -vvv. The error was: AttributeError: 'ConnectionError' object has no attribute 'code'
fatal: [dut]: FAILED! => changed=false 
  attempts: 2
  module_stderr: |-
    Traceback (most recent call last):
      File "/tmp/ansible_nokia.grpc.gnmi_config_payload_mjbiyvsk/ansible_nokia.grpc.gnmi_config_payload.zip/ansible_collections/nokia/grpc/plugins/modules/gnmi_config.py", line 135, in main
      File "/tmp/ansible_nokia.grpc.gnmi_config_payload_mjbiyvsk/ansible_nokia.grpc.gnmi_config_payload.zip/ansible/module_utils/connection.py", line 194, in __rpc__
      File "/tmp/ansible_nokia.grpc.gnmi_config_payload_mjbiyvsk/ansible_nokia.grpc.gnmi_config_payload.zip/ansible/module_utils/connection.py", line 141, in _exec_jsonrpc
    ansible.module_utils.connection.ConnectionError: socket path /home/pipi/.ansible/pc/7f94ae2763 does not exist or cannot be found. See Troubleshooting socket path issues in the Network Debug and Troubleshooting Guide
  
    During handling of the above exception, another exception occurred:
  
    Traceback (most recent call last):
      File "/home/pipi/.ansible/tmp/ansible-local-16859502vt9sfp/ansible-tmp-1712582378.6776693-170823-24889849270302/AnsiballZ_gnmi_config.py", line 100, in <module>
        _ansiballz_main()
      File "/home/pipi/.ansible/tmp/ansible-local-16859502vt9sfp/ansible-tmp-1712582378.6776693-170823-24889849270302/AnsiballZ_gnmi_config.py", line 92, in _ansiballz_main
        invoke_module(zipped_mod, temp_path, ANSIBALLZ_PARAMS)
      File "/home/pipi/.ansible/tmp/ansible-local-16859502vt9sfp/ansible-tmp-1712582378.6776693-170823-24889849270302/AnsiballZ_gnmi_config.py", line 40, in invoke_module
        runpy.run_module(mod_name='ansible_collections.nokia.grpc.plugins.modules.gnmi_config', init_globals=dict(_module_fqn='ansible_collections.nokia.grpc.plugins.modules.gnmi_config', _modlib_path=modlib_path),
      File "/usr/lib/python3.10/runpy.py", line 224, in run_module
        return _run_module_code(code, init_globals, run_name, mod_spec)
      File "/usr/lib/python3.10/runpy.py", line 96, in _run_module_code
        _run_code(code, mod_globals, init_globals,
      File "/usr/lib/python3.10/runpy.py", line 86, in _run_code
        exec(code, run_globals)
      File "/tmp/ansible_nokia.grpc.gnmi_config_payload_mjbiyvsk/ansible_nokia.grpc.gnmi_config_payload.zip/ansible_collections/nokia/grpc/plugins/modules/gnmi_config.py", line 167, in <module>
      File "/tmp/ansible_nokia.grpc.gnmi_config_payload_mjbiyvsk/ansible_nokia.grpc.gnmi_config_payload.zip/ansible_collections/nokia/grpc/plugins/modules/gnmi_config.py", line 161, in main
    AttributeError: 'ConnectionError' object has no attribute 'code'
  module_stdout: ''
  msg: |-
    MODULE FAILURE
    See stdout/stderr for the exact error
  rc: 1

TASK [template] ****************************************************************
changed: [x1]
changed: [x2]

TASK [set_fact] ****************************************************************
ok: [x1]
ok: [x2]

TASK [run /tmp/config.sh to deploy bgp config from /home/pipi/net101/tools/netsim/ansible/templates/bgp/frr.j2] ***
skipping: [x1]
skipping: [x2]

TASK [run vtysh to import bgp config from /home/pipi/net101/tools/netsim/ansible/templates/bgp/frr.j2] ***
changed: [x1]
changed: [x2]

PLAY [Deploy custom deployment templates] **************************************
skipping: no hosts matched

PLAY RECAP *********************************************************************
dut                        : ok=20   changed=6    unreachable=0    failed=1    skipped=7    rescued=0    ignored=0   
x1                         : ok=19   changed=4    unreachable=0    failed=0    skipped=5    rescued=0    ignored=0   
x2                         : ok=19   changed=4    unreachable=0    failed=0    skipped=5    rescued=0    ignored=0   

Fatal error in netlab: Executing Ansible playbook /home/pipi/net101/tools/netsim/ansible/initial-config.ansible failed
Error executing ansible-playbook /home/pipi/net101/tools/netsim/ansible/initial-config.ansible:
  Command '['ansible-playbook', '/home/pipi/net101/tools/netsim/ansible/initial-config.ansible']' returned non-zero exit status 2.
