[WARNING]: Could not match supplied host pattern, ignoring: unprovisioned

PLAY [Deploy initial device configuration] *************************************

TASK [Set variables that cannot be set with VARS] ******************************
ok: [x1]
ok: [x2]
ok: [dut]

TASK [Find device readiness script] ********************************************
ok: [x1]
ok: [x2]
ok: [dut]

TASK [Wait for device to become ready] *****************************************
skipping: [x1]
skipping: [x2]
skipping: [dut]

TASK [Deploy initial configuration] ********************************************
included: /home/pipi/net101/tools/netsim/ansible/tasks/deploy-module.yml for x1, x2, dut

TASK [Figure out whether to deploy the module initial on current device] *******
ok: [x1]
ok: [x2]
ok: [dut]

TASK [Find configuration template for initial] *********************************
ok: [x1]
ok: [x2]
ok: [dut]

TASK [Print deployed configuration when running in verbose mode] ***************
skipping: [x1]
skipping: [x2]
skipping: [dut]

TASK [Find configuration deployment deploy_script for initial] *****************
ok: [x1]
ok: [x2]
ok: [dut]

TASK [Deploy initial configuration] ********************************************
included: /home/pipi/net101/tools/netsim/ansible/tasks/deploy-config/frr.yml for x1, x2
included: /home/pipi/net101/tools/netsim/ansible/tasks/deploy-config/srlinux.yml for dut

TASK [template] ****************************************************************
changed: [x2]
changed: [x1]

TASK [set_fact] ****************************************************************
ok: [x1]
ok: [x2]

TASK [run /tmp/config.sh to deploy initial config from /home/pipi/net101/tools/netsim/ansible/templates/initial/frr.j2] ***
changed: [x2]
changed: [x1]

TASK [run vtysh to import initial config from /home/pipi/net101/tools/netsim/ansible/templates/initial/frr.j2] ***
skipping: [x1]
skipping: [x2]

TASK [Check that required plugin exists, use 'netlab install grpc' to install it] ***
ok: [dut]

TASK [tempfile] ****************************************************************
changed: [dut -> localhost]

TASK [template] ****************************************************************
changed: [dut -> localhost]

TASK [Generated gNMI config based on /home/pipi/net101/tools/netsim/ansible/templates/initial/srlinux.j2] ***
skipping: [dut]

TASK [Update SRL initial node configuration (gNMI SET template=/home/pipi/net101/tools/netsim/ansible/templates/initial/srlinux.j2,CA=/work/netlab_cicd/clab-ml_17/.tls/ca/ca.pem)] ***
FAILED - RETRYING: [dut]: Update SRL initial node configuration (gNMI SET template=/home/pipi/net101/tools/netsim/ansible/templates/initial/srlinux.j2,CA=/work/netlab_cicd/clab-ml_17/.tls/ca/ca.pem) (2 retries left).
FAILED - RETRYING: [dut]: Update SRL initial node configuration (gNMI SET template=/home/pipi/net101/tools/netsim/ansible/templates/initial/srlinux.j2,CA=/work/netlab_cicd/clab-ml_17/.tls/ca/ca.pem) (1 retries left).
fatal: [dut]: FAILED! => 
  msg: |-
    Traceback (most recent call last):
      File "/home/pipi/.local/lib/python3.10/site-packages/ansible/module_utils/connection.py", line 207, in send
        sf.connect(self.socket_path)
    ConnectionRefusedError: [Errno 111] Connection refused
  
    During handling of the above exception, another exception occurred:
  
    Traceback (most recent call last):
      File "/home/pipi/.local/lib/python3.10/site-packages/ansible/cli/scripts/ansible_connection_cli_stub.py", line 315, in main
        conn.set_options(direct=options)
      File "/home/pipi/.local/lib/python3.10/site-packages/ansible/module_utils/connection.py", line 194, in __rpc__
        response = self._exec_jsonrpc(name, *args, **kwargs)
      File "/home/pipi/.local/lib/python3.10/site-packages/ansible/module_utils/connection.py", line 155, in _exec_jsonrpc
        out = self.send(data)
      File "/home/pipi/.local/lib/python3.10/site-packages/ansible/module_utils/connection.py", line 214, in send
        raise ConnectionError(
    ansible.module_utils.connection.ConnectionError: unable to connect to socket /home/pipi/.ansible/pc/b841a9d0d7. See the socket path issue category in Network Debug and Troubleshooting Guide
  
    During handling of the above exception, another exception occurred:
  
    Traceback (most recent call last):
      File "/home/pipi/.local/bin/ansible-connection", line 8, in <module>
        sys.exit(main())
      File "/home/pipi/.local/lib/python3.10/site-packages/ansible/cli/scripts/ansible_connection_cli_stub.py", line 318, in main
        raise ConnectionError('Unable to decode JSON from response set_options. See the debug log for more information.')
    ansible.module_utils.connection.ConnectionError: Unable to decode JSON from response set_options. See the debug log for more information.

PLAY [Deploy module-specific configurations] ***********************************

TASK [Set variables that cannot be set with VARS] ******************************
ok: [x1]
ok: [x2]

TASK [Deploy individual configuration modules] *********************************
included: /home/pipi/net101/tools/netsim/ansible/tasks/deploy-module.yml for x1, x2 => (item=ospf)

TASK [Figure out whether to deploy the module ospf on current device] **********
ok: [x1]
ok: [x2]

TASK [Find configuration template for ospf] ************************************
ok: [x1]
ok: [x2]

TASK [Print deployed configuration when running in verbose mode] ***************
skipping: [x1]
skipping: [x2]

TASK [Find configuration deployment deploy_script for ospf] ********************
ok: [x1]
ok: [x2]

TASK [Deploy ospf configuration] ***********************************************
included: /home/pipi/net101/tools/netsim/ansible/tasks/deploy-config/frr.yml for x1, x2

TASK [template] ****************************************************************
changed: [x1]
changed: [x2]

TASK [set_fact] ****************************************************************
ok: [x1]
ok: [x2]

TASK [run /tmp/config.sh to deploy ospf config from /home/pipi/net101/tools/netsim/ansible/templates/ospf/frr.j2] ***
skipping: [x1]
skipping: [x2]

TASK [run vtysh to import ospf config from /home/pipi/net101/tools/netsim/ansible/templates/ospf/frr.j2] ***
changed: [x1]
changed: [x2]

PLAY [Deploy custom deployment templates] **************************************
skipping: no hosts matched

PLAY RECAP *********************************************************************
dut                        : ok=10   changed=2    unreachable=0    failed=1    skipped=3    rescued=0    ignored=0   
x1                         : ok=19   changed=4    unreachable=0    failed=0    skipped=5    rescued=0    ignored=0   
x2                         : ok=19   changed=4    unreachable=0    failed=0    skipped=5    rescued=0    ignored=0   

Fatal error in netlab: Executing Ansible playbook /home/pipi/net101/tools/netsim/ansible/initial-config.ansible failed
Error executing ansible-playbook /home/pipi/net101/tools/netsim/ansible/initial-config.ansible:
  Command '['ansible-playbook', '/home/pipi/net101/tools/netsim/ansible/initial-config.ansible']' returned non-zero exit status 2.
